<?xml version="1.0" encoding="UTF-8"?>
<!-- Generated by org.testng.reporters.JUnitXMLReporter -->
<testsuite hostname="DESKTOP-UF756DS" ignored="0" name="Default test" tests="1" failures="0" timestamp="2021-02-09T23:13:34 IST" time="3.644" errors="0">
  <testcase name="@BeforeClass setUp" time="3.543" classname="com.Pratian.Culturewerkz.Automation.TestClasses.BaseTest">
    <failure type="org.openqa.selenium.SessionNotCreatedException" message="session not created: This version of ChromeDriver only supports Chrome version 86
Current browser version is 88.0.4324.146 with binary path C:\Program Files (x86)\Google\Chrome\Application\chrome.exe
Build info: version: &amp;apos;3.141.59&amp;apos;, revision: &amp;apos;e82be7d358&amp;apos;, time: &amp;apos;2018-11-14T08:17:03&amp;apos;
System info: host: &amp;apos;DESKTOP-UF756DS&amp;apos;, ip: &amp;apos;192.168.99.1&amp;apos;, os.name: &amp;apos;Windows 10&amp;apos;, os.arch: &amp;apos;amd64&amp;apos;, os.version: &amp;apos;10.0&amp;apos;, java.version: &amp;apos;1.8.0_131&amp;apos;
Driver info: driver.version: ChromeDriver
remote stacktrace: Backtrace:
	Ordinal0 [0x00C3C013+3194899]
	Ordinal0 [0x00B26021+2056225]
	Ordinal0 [0x009BF608+587272]
	Ordinal0 [0x00941BF3+72691]
	Ordinal0 [0x0093E229+57897]
	Ordinal0 [0x0093C64A+50762]
	Ordinal0 [0x00961EE9+204521]
	Ordinal0 [0x00961D0D+204045]
	Ordinal0 [0x0095FC1B+195611]
	Ordinal0 [0x00943B7F+80767]
	Ordinal0 [0x00944B4E+84814]
	Ordinal0 [0x00944AD9+84697]
	Ordinal0 [0x00B3CE64+2149988]
	GetHandleVerifier [0x00DABE95+1400773]
	GetHandleVerifier [0x00DABB61+1399953]
	GetHandleVerifier [0x00DB31FA+1430314]
	GetHandleVerifier [0x00DAC69F+1402831]
	Ordinal0 [0x00B33D61+2112865]
	Ordinal0 [0x00B3E5CB+2155979]
	Ordinal0 [0x00B3E6F5+2156277]
	Ordinal0 [0x00B4F26E+2224750]
	BaseThreadInitThunk [0x75C16359+25]
	RtlGetAppContainerNamedObjectPath [0x77557C24+228]
	RtlGetAppContainerNamedObjectPath [0x77557BF4+180]
">
      <![CDATA[org.openqa.selenium.SessionNotCreatedException: session not created: This version of ChromeDriver only supports Chrome version 86
Current browser version is 88.0.4324.146 with binary path C:\Program Files (x86)\Google\Chrome\Application\chrome.exe
Build info: version: '3.141.59', revision: 'e82be7d358', time: '2018-11-14T08:17:03'
System info: host: 'DESKTOP-UF756DS', ip: '192.168.99.1', os.name: 'Windows 10', os.arch: 'amd64', os.version: '10.0', java.version: '1.8.0_131'
Driver info: driver.version: ChromeDriver
remote stacktrace: Backtrace:
Ordinal0 [0x00C3C013+3194899]
Ordinal0 [0x00B26021+2056225]
Ordinal0 [0x009BF608+587272]
Ordinal0 [0x00941BF3+72691]
Ordinal0 [0x0093E229+57897]
Ordinal0 [0x0093C64A+50762]
Ordinal0 [0x00961EE9+204521]
Ordinal0 [0x00961D0D+204045]
Ordinal0 [0x0095FC1B+195611]
Ordinal0 [0x00943B7F+80767]
Ordinal0 [0x00944B4E+84814]
Ordinal0 [0x00944AD9+84697]
Ordinal0 [0x00B3CE64+2149988]
GetHandleVerifier [0x00DABE95+1400773]
GetHandleVerifier [0x00DABB61+1399953]
GetHandleVerifier [0x00DB31FA+1430314]
GetHandleVerifier [0x00DAC69F+1402831]
Ordinal0 [0x00B33D61+2112865]
Ordinal0 [0x00B3E5CB+2155979]
Ordinal0 [0x00B3E6F5+2156277]
Ordinal0 [0x00B4F26E+2224750]
BaseThreadInitThunk [0x75C16359+25]
RtlGetAppContainerNamedObjectPath [0x77557C24+228]
RtlGetAppContainerNamedObjectPath [0x77557BF4+180]

at sun.reflect.NativeConstructorAccessorImpl.newInstance0(Native Method)
at sun.reflect.NativeConstructorAccessorImpl.newInstance(NativeConstructorAccessorImpl.java:62)
at sun.reflect.DelegatingConstructorAccessorImpl.newInstance(DelegatingConstructorAccessorImpl.java:45)
at java.lang.reflect.Constructor.newInstance(Constructor.java:423)
at org.openqa.selenium.remote.W3CHandshakeResponse.lambda$errorHandler$0(W3CHandshakeResponse.java:62)
at org.openqa.selenium.remote.HandshakeResponse.lambda$getResponseFunction$0(HandshakeResponse.java:30)
at org.openqa.selenium.remote.ProtocolHandshake.lambda$createSession$0(ProtocolHandshake.java:126)
at java.util.stream.ReferencePipeline$3$1.accept(ReferencePipeline.java:193)
at java.util.Spliterators$ArraySpliterator.tryAdvance(Spliterators.java:958)
at java.util.stream.ReferencePipeline.forEachWithCancel(ReferencePipeline.java:126)
at java.util.stream.AbstractPipeline.copyIntoWithCancel(AbstractPipeline.java:498)
at java.util.stream.AbstractPipeline.copyInto(AbstractPipeline.java:485)
at java.util.stream.AbstractPipeline.wrapAndCopyInto(AbstractPipeline.java:471)
at java.util.stream.FindOps$FindOp.evaluateSequential(FindOps.java:152)
at java.util.stream.AbstractPipeline.evaluate(AbstractPipeline.java:234)
at java.util.stream.ReferencePipeline.findFirst(ReferencePipeline.java:464)
at org.openqa.selenium.remote.ProtocolHandshake.createSession(ProtocolHandshake.java:128)
at org.openqa.selenium.remote.ProtocolHandshake.createSession(ProtocolHandshake.java:74)
at org.openqa.selenium.remote.HttpCommandExecutor.execute(HttpCommandExecutor.java:136)
at org.openqa.selenium.remote.service.DriverCommandExecutor.execute(DriverCommandExecutor.java:83)
at org.openqa.selenium.remote.RemoteWebDriver.execute(RemoteWebDriver.java:552)
at org.openqa.selenium.remote.RemoteWebDriver.startSession(RemoteWebDriver.java:213)
at org.openqa.selenium.remote.RemoteWebDriver.<init>(RemoteWebDriver.java:131)
at org.openqa.selenium.chrome.ChromeDriver.<init>(ChromeDriver.java:181)
at org.openqa.selenium.chrome.ChromeDriver.<init>(ChromeDriver.java:168)
at org.openqa.selenium.chrome.ChromeDriver.<init>(ChromeDriver.java:123)
at com.Pratian.Culturewerkz.Automation.TestClasses.BaseTest.setUp(BaseTest.java:27)
at sun.reflect.NativeMethodAccessorImpl.invoke0(Native Method)
at sun.reflect.NativeMethodAccessorImpl.invoke(NativeMethodAccessorImpl.java:62)
at sun.reflect.DelegatingMethodAccessorImpl.invoke(DelegatingMethodAccessorImpl.java:43)
at java.lang.reflect.Method.invoke(Method.java:498)
at org.testng.internal.MethodInvocationHelper.invokeMethod(MethodInvocationHelper.java:134)
at org.testng.internal.MethodInvocationHelper.invokeMethodConsideringTimeout(MethodInvocationHelper.java:63)
at org.testng.internal.ConfigInvoker.invokeConfigurationMethod(ConfigInvoker.java:348)
at org.testng.internal.ConfigInvoker.invokeConfigurations(ConfigInvoker.java:302)
at org.testng.internal.TestMethodWorker.invokeBeforeClassMethods(TestMethodWorker.java:176)
at org.testng.internal.TestMethodWorker.run(TestMethodWorker.java:122)
at java.util.ArrayList.forEach(ArrayList.java:1249)
at org.testng.TestRunner.privateRun(TestRunner.java:766)
at org.testng.TestRunner.run(TestRunner.java:587)
at org.testng.SuiteRunner.runTest(SuiteRunner.java:384)
at org.testng.SuiteRunner.runSequentially(SuiteRunner.java:378)
at org.testng.SuiteRunner.privateRun(SuiteRunner.java:337)
at org.testng.SuiteRunner.run(SuiteRunner.java:286)
at org.testng.SuiteRunnerWorker.runSuite(SuiteRunnerWorker.java:53)
at org.testng.SuiteRunnerWorker.run(SuiteRunnerWorker.java:96)
at org.testng.TestNG.runSuitesSequentially(TestNG.java:1187)
at org.testng.TestNG.runSuitesLocally(TestNG.java:1109)
at org.testng.TestNG.runSuites(TestNG.java:1039)
at org.testng.TestNG.run(TestNG.java:1007)
at org.testng.remote.AbstractRemoteTestNG.run(AbstractRemoteTestNG.java:115)
at org.testng.remote.RemoteTestNG.initAndRun(RemoteTestNG.java:251)
at org.testng.remote.RemoteTestNG.main(RemoteTestNG.java:77)
]]>
    </failure>
  </testcase> <!-- @BeforeClass setUp -->
  <testcase name="@AfterClass tearDown" time="-1.612892614873E9" classname="com.Pratian.Culturewerkz.Automation.TestClasses.BaseTest">
    <skipped/>
  </testcase> <!-- @AfterClass tearDown -->
  <testcase name="signInWithValidCredentials" time="0.0" classname="com.Pratian.Culturewerkz.Automation.TestClasses.TestSignIn">
    <skipped/>
  </testcase> <!-- signInWithValidCredentials -->
</testsuite> <!-- Default test -->
